[0.092s] DEBUG:colcon:Command line arguments: ['/usr/bin/colcon', 'build', '--merge-install']
[0.092s] DEBUG:colcon:Parsed command line arguments: Namespace(log_base=None, log_level=None, verb_name='build', build_base='build', install_base='install', merge_install=True, symlink_install=False, test_result_base=None, continue_on_error=False, executor='parallel', parallel_workers=12, event_handlers=None, ignore_user_meta=False, metas=['./colcon.meta'], base_paths=['.'], packages_ignore=None, packages_ignore_regex=None, paths=None, packages_up_to=None, packages_up_to_regex=None, packages_above=None, packages_above_and_dependencies=None, packages_above_depth=None, packages_select_by_dep=None, packages_skip_by_dep=None, packages_skip_up_to=None, packages_select_build_failed=False, packages_skip_build_finished=False, packages_select_test_failures=False, packages_skip_test_passed=False, packages_select=None, packages_skip=None, packages_select_regex=None, packages_skip_regex=None, packages_start=None, packages_end=None, allow_overriding=[], cmake_args=None, cmake_target=None, cmake_target_skip_unavailable=False, cmake_clean_cache=False, cmake_clean_first=False, cmake_force_configure=False, ament_cmake_args=None, catkin_cmake_args=None, catkin_skip_building_tests=False, mixin_files=None, mixin=None, verb_parser=<colcon_mixin.mixin.mixin_argument.MixinArgumentDecorator object at 0x7c960c4577c0>, verb_extension=<colcon_core.verb.build.BuildVerb object at 0x7c960c411cc0>, main=<bound method BuildVerb.main of <colcon_core.verb.build.BuildVerb object at 0x7c960c411cc0>>, mixin_verb=('build',))
[0.282s] Level 1:colcon.colcon_core.package_discovery:discover_packages(colcon_meta) check parameters
[0.282s] Level 1:colcon.colcon_core.package_discovery:discover_packages(recursive) check parameters
[0.282s] Level 1:colcon.colcon_core.package_discovery:discover_packages(ignore) check parameters
[0.282s] Level 1:colcon.colcon_core.package_discovery:discover_packages(path) check parameters
[0.282s] Level 1:colcon.colcon_core.package_discovery:discover_packages(colcon_meta) discover
[0.283s] Level 1:colcon.colcon_core.package_discovery:discover_packages(recursive) discover
[0.283s] INFO:colcon.colcon_core.package_discovery:Crawling recursively for packages in '/home/dadn/Conveyor-Waste-Classification'
[0.283s] Level 1:colcon.colcon_core.package_identification:_identify(.) by extensions ['ignore', 'ignore_ament_install']
[0.283s] Level 1:colcon.colcon_core.package_identification:_identify(.) by extension 'ignore'
[0.283s] Level 1:colcon.colcon_core.package_identification:_identify(.) by extension 'ignore_ament_install'
[0.283s] Level 1:colcon.colcon_core.package_identification:_identify(.) by extensions ['colcon_pkg']
[0.283s] Level 1:colcon.colcon_core.package_identification:_identify(.) by extension 'colcon_pkg'
[0.283s] Level 1:colcon.colcon_core.package_identification:_identify(.) by extensions ['colcon_meta']
[0.283s] Level 1:colcon.colcon_core.package_identification:_identify(.) by extension 'colcon_meta'
[0.283s] Level 1:colcon.colcon_core.package_identification:_identify(.) by extensions ['ros']
[0.283s] Level 1:colcon.colcon_core.package_identification:_identify(.) by extension 'ros'
[0.299s] Level 1:colcon.colcon_core.package_identification:_identify(.) by extensions ['cmake', 'python']
[0.299s] Level 1:colcon.colcon_core.package_identification:_identify(.) by extension 'cmake'
[0.299s] Level 1:colcon.colcon_core.package_identification:_identify(.) by extension 'python'
[0.299s] Level 1:colcon.colcon_core.package_identification:_identify(.) by extensions ['python_setup_py']
[0.299s] Level 1:colcon.colcon_core.package_identification:_identify(.) by extension 'python_setup_py'
[0.300s] Level 1:colcon.colcon_core.package_identification:_identify(ai) by extensions ['ignore', 'ignore_ament_install']
[0.300s] Level 1:colcon.colcon_core.package_identification:_identify(ai) by extension 'ignore'
[0.300s] Level 1:colcon.colcon_core.package_identification:_identify(ai) by extension 'ignore_ament_install'
[0.300s] Level 1:colcon.colcon_core.package_identification:_identify(ai) by extensions ['colcon_pkg']
[0.300s] Level 1:colcon.colcon_core.package_identification:_identify(ai) by extension 'colcon_pkg'
[0.300s] Level 1:colcon.colcon_core.package_identification:_identify(ai) by extensions ['colcon_meta']
[0.300s] Level 1:colcon.colcon_core.package_identification:_identify(ai) by extension 'colcon_meta'
[0.300s] Level 1:colcon.colcon_core.package_identification:_identify(ai) by extensions ['ros']
[0.300s] Level 1:colcon.colcon_core.package_identification:_identify(ai) by extension 'ros'
[0.300s] Level 1:colcon.colcon_core.package_identification:_identify(ai) by extensions ['cmake', 'python']
[0.300s] Level 1:colcon.colcon_core.package_identification:_identify(ai) by extension 'cmake'
[0.300s] Level 1:colcon.colcon_core.package_identification:_identify(ai) by extension 'python'
[0.300s] Level 1:colcon.colcon_core.package_identification:_identify(ai) by extensions ['python_setup_py']
[0.300s] Level 1:colcon.colcon_core.package_identification:_identify(ai) by extension 'python_setup_py'
[0.300s] Level 1:colcon.colcon_core.package_identification:_identify(ai/notebooks) by extensions ['ignore', 'ignore_ament_install']
[0.300s] Level 1:colcon.colcon_core.package_identification:_identify(ai/notebooks) by extension 'ignore'
[0.300s] Level 1:colcon.colcon_core.package_identification:_identify(ai/notebooks) by extension 'ignore_ament_install'
[0.301s] Level 1:colcon.colcon_core.package_identification:_identify(ai/notebooks) by extensions ['colcon_pkg']
[0.301s] Level 1:colcon.colcon_core.package_identification:_identify(ai/notebooks) by extension 'colcon_pkg'
[0.301s] Level 1:colcon.colcon_core.package_identification:_identify(ai/notebooks) by extensions ['colcon_meta']
[0.301s] Level 1:colcon.colcon_core.package_identification:_identify(ai/notebooks) by extension 'colcon_meta'
[0.301s] Level 1:colcon.colcon_core.package_identification:_identify(ai/notebooks) by extensions ['ros']
[0.301s] Level 1:colcon.colcon_core.package_identification:_identify(ai/notebooks) by extension 'ros'
[0.301s] Level 1:colcon.colcon_core.package_identification:_identify(ai/notebooks) by extensions ['cmake', 'python']
[0.301s] Level 1:colcon.colcon_core.package_identification:_identify(ai/notebooks) by extension 'cmake'
[0.301s] Level 1:colcon.colcon_core.package_identification:_identify(ai/notebooks) by extension 'python'
[0.301s] Level 1:colcon.colcon_core.package_identification:_identify(ai/notebooks) by extensions ['python_setup_py']
[0.301s] Level 1:colcon.colcon_core.package_identification:_identify(ai/notebooks) by extension 'python_setup_py'
[0.301s] Level 1:colcon.colcon_core.package_identification:_identify(ai/scripts) by extensions ['ignore', 'ignore_ament_install']
[0.301s] Level 1:colcon.colcon_core.package_identification:_identify(ai/scripts) by extension 'ignore'
[0.301s] Level 1:colcon.colcon_core.package_identification:_identify(ai/scripts) by extension 'ignore_ament_install'
[0.301s] Level 1:colcon.colcon_core.package_identification:_identify(ai/scripts) by extensions ['colcon_pkg']
[0.301s] Level 1:colcon.colcon_core.package_identification:_identify(ai/scripts) by extension 'colcon_pkg'
[0.301s] Level 1:colcon.colcon_core.package_identification:_identify(ai/scripts) by extensions ['colcon_meta']
[0.301s] Level 1:colcon.colcon_core.package_identification:_identify(ai/scripts) by extension 'colcon_meta'
[0.301s] Level 1:colcon.colcon_core.package_identification:_identify(ai/scripts) by extensions ['ros']
[0.301s] Level 1:colcon.colcon_core.package_identification:_identify(ai/scripts) by extension 'ros'
[0.301s] Level 1:colcon.colcon_core.package_identification:_identify(ai/scripts) by extensions ['cmake', 'python']
[0.301s] Level 1:colcon.colcon_core.package_identification:_identify(ai/scripts) by extension 'cmake'
[0.301s] Level 1:colcon.colcon_core.package_identification:_identify(ai/scripts) by extension 'python'
[0.302s] Level 1:colcon.colcon_core.package_identification:_identify(ai/scripts) by extensions ['python_setup_py']
[0.302s] Level 1:colcon.colcon_core.package_identification:_identify(ai/scripts) by extension 'python_setup_py'
[0.302s] Level 1:colcon.colcon_core.package_identification:_identify(ai/weights) by extensions ['ignore', 'ignore_ament_install']
[0.302s] Level 1:colcon.colcon_core.package_identification:_identify(ai/weights) by extension 'ignore'
[0.302s] Level 1:colcon.colcon_core.package_identification:_identify(ai/weights) by extension 'ignore_ament_install'
[0.302s] Level 1:colcon.colcon_core.package_identification:_identify(ai/weights) by extensions ['colcon_pkg']
[0.302s] Level 1:colcon.colcon_core.package_identification:_identify(ai/weights) by extension 'colcon_pkg'
[0.302s] Level 1:colcon.colcon_core.package_identification:_identify(ai/weights) by extensions ['colcon_meta']
[0.302s] Level 1:colcon.colcon_core.package_identification:_identify(ai/weights) by extension 'colcon_meta'
[0.302s] Level 1:colcon.colcon_core.package_identification:_identify(ai/weights) by extensions ['ros']
[0.302s] Level 1:colcon.colcon_core.package_identification:_identify(ai/weights) by extension 'ros'
[0.302s] Level 1:colcon.colcon_core.package_identification:_identify(ai/weights) by extensions ['cmake', 'python']
[0.302s] Level 1:colcon.colcon_core.package_identification:_identify(ai/weights) by extension 'cmake'
[0.302s] Level 1:colcon.colcon_core.package_identification:_identify(ai/weights) by extension 'python'
[0.302s] Level 1:colcon.colcon_core.package_identification:_identify(ai/weights) by extensions ['python_setup_py']
[0.302s] Level 1:colcon.colcon_core.package_identification:_identify(ai/weights) by extension 'python_setup_py'
[0.302s] Level 1:colcon.colcon_core.package_identification:_identify(build) by extensions ['ignore', 'ignore_ament_install']
[0.302s] Level 1:colcon.colcon_core.package_identification:_identify(build) by extension 'ignore'
[0.302s] Level 1:colcon.colcon_core.package_identification:_identify(build) ignored
[0.302s] Level 1:colcon.colcon_core.package_identification:_identify(data) by extensions ['ignore', 'ignore_ament_install']
[0.302s] Level 1:colcon.colcon_core.package_identification:_identify(data) by extension 'ignore'
[0.302s] Level 1:colcon.colcon_core.package_identification:_identify(data) by extension 'ignore_ament_install'
[0.302s] Level 1:colcon.colcon_core.package_identification:_identify(data) by extensions ['colcon_pkg']
[0.302s] Level 1:colcon.colcon_core.package_identification:_identify(data) by extension 'colcon_pkg'
[0.302s] Level 1:colcon.colcon_core.package_identification:_identify(data) by extensions ['colcon_meta']
[0.302s] Level 1:colcon.colcon_core.package_identification:_identify(data) by extension 'colcon_meta'
[0.302s] Level 1:colcon.colcon_core.package_identification:_identify(data) by extensions ['ros']
[0.302s] Level 1:colcon.colcon_core.package_identification:_identify(data) by extension 'ros'
[0.303s] Level 1:colcon.colcon_core.package_identification:_identify(data) by extensions ['cmake', 'python']
[0.303s] Level 1:colcon.colcon_core.package_identification:_identify(data) by extension 'cmake'
[0.303s] Level 1:colcon.colcon_core.package_identification:_identify(data) by extension 'python'
[0.303s] Level 1:colcon.colcon_core.package_identification:_identify(data) by extensions ['python_setup_py']
[0.303s] Level 1:colcon.colcon_core.package_identification:_identify(data) by extension 'python_setup_py'
[0.303s] Level 1:colcon.colcon_core.package_identification:_identify(data/processed) by extensions ['ignore', 'ignore_ament_install']
[0.303s] Level 1:colcon.colcon_core.package_identification:_identify(data/processed) by extension 'ignore'
[0.303s] Level 1:colcon.colcon_core.package_identification:_identify(data/processed) by extension 'ignore_ament_install'
[0.303s] Level 1:colcon.colcon_core.package_identification:_identify(data/processed) by extensions ['colcon_pkg']
[0.303s] Level 1:colcon.colcon_core.package_identification:_identify(data/processed) by extension 'colcon_pkg'
[0.303s] Level 1:colcon.colcon_core.package_identification:_identify(data/processed) by extensions ['colcon_meta']
[0.303s] Level 1:colcon.colcon_core.package_identification:_identify(data/processed) by extension 'colcon_meta'
[0.303s] Level 1:colcon.colcon_core.package_identification:_identify(data/processed) by extensions ['ros']
[0.303s] Level 1:colcon.colcon_core.package_identification:_identify(data/processed) by extension 'ros'
[0.303s] Level 1:colcon.colcon_core.package_identification:_identify(data/processed) by extensions ['cmake', 'python']
[0.303s] Level 1:colcon.colcon_core.package_identification:_identify(data/processed) by extension 'cmake'
[0.303s] Level 1:colcon.colcon_core.package_identification:_identify(data/processed) by extension 'python'
[0.303s] Level 1:colcon.colcon_core.package_identification:_identify(data/processed) by extensions ['python_setup_py']
[0.303s] Level 1:colcon.colcon_core.package_identification:_identify(data/processed) by extension 'python_setup_py'
[0.303s] Level 1:colcon.colcon_core.package_identification:_identify(data/raw) by extensions ['ignore', 'ignore_ament_install']
[0.303s] Level 1:colcon.colcon_core.package_identification:_identify(data/raw) by extension 'ignore'
[0.303s] Level 1:colcon.colcon_core.package_identification:_identify(data/raw) by extension 'ignore_ament_install'
[0.303s] Level 1:colcon.colcon_core.package_identification:_identify(data/raw) by extensions ['colcon_pkg']
[0.303s] Level 1:colcon.colcon_core.package_identification:_identify(data/raw) by extension 'colcon_pkg'
[0.303s] Level 1:colcon.colcon_core.package_identification:_identify(data/raw) by extensions ['colcon_meta']
[0.303s] Level 1:colcon.colcon_core.package_identification:_identify(data/raw) by extension 'colcon_meta'
[0.303s] Level 1:colcon.colcon_core.package_identification:_identify(data/raw) by extensions ['ros']
[0.304s] Level 1:colcon.colcon_core.package_identification:_identify(data/raw) by extension 'ros'
[0.304s] Level 1:colcon.colcon_core.package_identification:_identify(data/raw) by extensions ['cmake', 'python']
[0.304s] Level 1:colcon.colcon_core.package_identification:_identify(data/raw) by extension 'cmake'
[0.304s] Level 1:colcon.colcon_core.package_identification:_identify(data/raw) by extension 'python'
[0.304s] Level 1:colcon.colcon_core.package_identification:_identify(data/raw) by extensions ['python_setup_py']
[0.304s] Level 1:colcon.colcon_core.package_identification:_identify(data/raw) by extension 'python_setup_py'
[0.304s] Level 1:colcon.colcon_core.package_identification:_identify(docs) by extensions ['ignore', 'ignore_ament_install']
[0.304s] Level 1:colcon.colcon_core.package_identification:_identify(docs) by extension 'ignore'
[0.304s] Level 1:colcon.colcon_core.package_identification:_identify(docs) by extension 'ignore_ament_install'
[0.304s] Level 1:colcon.colcon_core.package_identification:_identify(docs) by extensions ['colcon_pkg']
[0.304s] Level 1:colcon.colcon_core.package_identification:_identify(docs) by extension 'colcon_pkg'
[0.304s] Level 1:colcon.colcon_core.package_identification:_identify(docs) by extensions ['colcon_meta']
[0.304s] Level 1:colcon.colcon_core.package_identification:_identify(docs) by extension 'colcon_meta'
[0.304s] Level 1:colcon.colcon_core.package_identification:_identify(docs) by extensions ['ros']
[0.304s] Level 1:colcon.colcon_core.package_identification:_identify(docs) by extension 'ros'
[0.304s] Level 1:colcon.colcon_core.package_identification:_identify(docs) by extensions ['cmake', 'python']
[0.304s] Level 1:colcon.colcon_core.package_identification:_identify(docs) by extension 'cmake'
[0.304s] Level 1:colcon.colcon_core.package_identification:_identify(docs) by extension 'python'
[0.304s] Level 1:colcon.colcon_core.package_identification:_identify(docs) by extensions ['python_setup_py']
[0.304s] Level 1:colcon.colcon_core.package_identification:_identify(docs) by extension 'python_setup_py'
[0.304s] Level 1:colcon.colcon_core.package_identification:_identify(docs/presentation) by extensions ['ignore', 'ignore_ament_install']
[0.304s] Level 1:colcon.colcon_core.package_identification:_identify(docs/presentation) by extension 'ignore'
[0.304s] Level 1:colcon.colcon_core.package_identification:_identify(docs/presentation) by extension 'ignore_ament_install'
[0.304s] Level 1:colcon.colcon_core.package_identification:_identify(docs/presentation) by extensions ['colcon_pkg']
[0.304s] Level 1:colcon.colcon_core.package_identification:_identify(docs/presentation) by extension 'colcon_pkg'
[0.304s] Level 1:colcon.colcon_core.package_identification:_identify(docs/presentation) by extensions ['colcon_meta']
[0.304s] Level 1:colcon.colcon_core.package_identification:_identify(docs/presentation) by extension 'colcon_meta'
[0.304s] Level 1:colcon.colcon_core.package_identification:_identify(docs/presentation) by extensions ['ros']
[0.304s] Level 1:colcon.colcon_core.package_identification:_identify(docs/presentation) by extension 'ros'
[0.305s] Level 1:colcon.colcon_core.package_identification:_identify(docs/presentation) by extensions ['cmake', 'python']
[0.305s] Level 1:colcon.colcon_core.package_identification:_identify(docs/presentation) by extension 'cmake'
[0.305s] Level 1:colcon.colcon_core.package_identification:_identify(docs/presentation) by extension 'python'
[0.305s] Level 1:colcon.colcon_core.package_identification:_identify(docs/presentation) by extensions ['python_setup_py']
[0.305s] Level 1:colcon.colcon_core.package_identification:_identify(docs/presentation) by extension 'python_setup_py'
[0.305s] Level 1:colcon.colcon_core.package_identification:_identify(docs/reports) by extensions ['ignore', 'ignore_ament_install']
[0.305s] Level 1:colcon.colcon_core.package_identification:_identify(docs/reports) by extension 'ignore'
[0.305s] Level 1:colcon.colcon_core.package_identification:_identify(docs/reports) by extension 'ignore_ament_install'
[0.305s] Level 1:colcon.colcon_core.package_identification:_identify(docs/reports) by extensions ['colcon_pkg']
[0.305s] Level 1:colcon.colcon_core.package_identification:_identify(docs/reports) by extension 'colcon_pkg'
[0.305s] Level 1:colcon.colcon_core.package_identification:_identify(docs/reports) by extensions ['colcon_meta']
[0.305s] Level 1:colcon.colcon_core.package_identification:_identify(docs/reports) by extension 'colcon_meta'
[0.305s] Level 1:colcon.colcon_core.package_identification:_identify(docs/reports) by extensions ['ros']
[0.306s] Level 1:colcon.colcon_core.package_identification:_identify(docs/reports) by extension 'ros'
[0.306s] Level 1:colcon.colcon_core.package_identification:_identify(docs/reports) by extensions ['cmake', 'python']
[0.306s] Level 1:colcon.colcon_core.package_identification:_identify(docs/reports) by extension 'cmake'
[0.306s] Level 1:colcon.colcon_core.package_identification:_identify(docs/reports) by extension 'python'
[0.306s] Level 1:colcon.colcon_core.package_identification:_identify(docs/reports) by extensions ['python_setup_py']
[0.306s] Level 1:colcon.colcon_core.package_identification:_identify(docs/reports) by extension 'python_setup_py'
[0.306s] Level 1:colcon.colcon_core.package_identification:_identify(gazebo) by extensions ['ignore', 'ignore_ament_install']
[0.306s] Level 1:colcon.colcon_core.package_identification:_identify(gazebo) by extension 'ignore'
[0.306s] Level 1:colcon.colcon_core.package_identification:_identify(gazebo) by extension 'ignore_ament_install'
[0.306s] Level 1:colcon.colcon_core.package_identification:_identify(gazebo) by extensions ['colcon_pkg']
[0.306s] Level 1:colcon.colcon_core.package_identification:_identify(gazebo) by extension 'colcon_pkg'
[0.306s] Level 1:colcon.colcon_core.package_identification:_identify(gazebo) by extensions ['colcon_meta']
[0.306s] Level 1:colcon.colcon_core.package_identification:_identify(gazebo) by extension 'colcon_meta'
[0.306s] Level 1:colcon.colcon_core.package_identification:_identify(gazebo) by extensions ['ros']
[0.306s] Level 1:colcon.colcon_core.package_identification:_identify(gazebo) by extension 'ros'
[0.306s] Level 1:colcon.colcon_core.package_identification:_identify(gazebo) by extensions ['cmake', 'python']
[0.306s] Level 1:colcon.colcon_core.package_identification:_identify(gazebo) by extension 'cmake'
[0.306s] Level 1:colcon.colcon_core.package_identification:_identify(gazebo) by extension 'python'
[0.306s] Level 1:colcon.colcon_core.package_identification:_identify(gazebo) by extensions ['python_setup_py']
[0.306s] Level 1:colcon.colcon_core.package_identification:_identify(gazebo) by extension 'python_setup_py'
[0.306s] Level 1:colcon.colcon_core.package_identification:_identify(gazebo/media) by extensions ['ignore', 'ignore_ament_install']
[0.306s] Level 1:colcon.colcon_core.package_identification:_identify(gazebo/media) by extension 'ignore'
[0.306s] Level 1:colcon.colcon_core.package_identification:_identify(gazebo/media) by extension 'ignore_ament_install'
[0.306s] Level 1:colcon.colcon_core.package_identification:_identify(gazebo/media) by extensions ['colcon_pkg']
[0.306s] Level 1:colcon.colcon_core.package_identification:_identify(gazebo/media) by extension 'colcon_pkg'
[0.306s] Level 1:colcon.colcon_core.package_identification:_identify(gazebo/media) by extensions ['colcon_meta']
[0.306s] Level 1:colcon.colcon_core.package_identification:_identify(gazebo/media) by extension 'colcon_meta'
[0.306s] Level 1:colcon.colcon_core.package_identification:_identify(gazebo/media) by extensions ['ros']
[0.306s] Level 1:colcon.colcon_core.package_identification:_identify(gazebo/media) by extension 'ros'
[0.306s] Level 1:colcon.colcon_core.package_identification:_identify(gazebo/media) by extensions ['cmake', 'python']
[0.307s] Level 1:colcon.colcon_core.package_identification:_identify(gazebo/media) by extension 'cmake'
[0.307s] Level 1:colcon.colcon_core.package_identification:_identify(gazebo/media) by extension 'python'
[0.307s] Level 1:colcon.colcon_core.package_identification:_identify(gazebo/media) by extensions ['python_setup_py']
[0.307s] Level 1:colcon.colcon_core.package_identification:_identify(gazebo/media) by extension 'python_setup_py'
[0.307s] Level 1:colcon.colcon_core.package_identification:_identify(gazebo/models) by extensions ['ignore', 'ignore_ament_install']
[0.307s] Level 1:colcon.colcon_core.package_identification:_identify(gazebo/models) by extension 'ignore'
[0.307s] Level 1:colcon.colcon_core.package_identification:_identify(gazebo/models) by extension 'ignore_ament_install'
[0.307s] Level 1:colcon.colcon_core.package_identification:_identify(gazebo/models) by extensions ['colcon_pkg']
[0.307s] Level 1:colcon.colcon_core.package_identification:_identify(gazebo/models) by extension 'colcon_pkg'
[0.307s] Level 1:colcon.colcon_core.package_identification:_identify(gazebo/models) by extensions ['colcon_meta']
[0.307s] Level 1:colcon.colcon_core.package_identification:_identify(gazebo/models) by extension 'colcon_meta'
[0.307s] Level 1:colcon.colcon_core.package_identification:_identify(gazebo/models) by extensions ['ros']
[0.307s] Level 1:colcon.colcon_core.package_identification:_identify(gazebo/models) by extension 'ros'
[0.307s] Level 1:colcon.colcon_core.package_identification:_identify(gazebo/models) by extensions ['cmake', 'python']
[0.307s] Level 1:colcon.colcon_core.package_identification:_identify(gazebo/models) by extension 'cmake'
[0.307s] Level 1:colcon.colcon_core.package_identification:_identify(gazebo/models) by extension 'python'
[0.307s] Level 1:colcon.colcon_core.package_identification:_identify(gazebo/models) by extensions ['python_setup_py']
[0.307s] Level 1:colcon.colcon_core.package_identification:_identify(gazebo/models) by extension 'python_setup_py'
[0.307s] Level 1:colcon.colcon_core.package_identification:_identify(gazebo/worlds) by extensions ['ignore', 'ignore_ament_install']
[0.307s] Level 1:colcon.colcon_core.package_identification:_identify(gazebo/worlds) by extension 'ignore'
[0.307s] Level 1:colcon.colcon_core.package_identification:_identify(gazebo/worlds) by extension 'ignore_ament_install'
[0.307s] Level 1:colcon.colcon_core.package_identification:_identify(gazebo/worlds) by extensions ['colcon_pkg']
[0.307s] Level 1:colcon.colcon_core.package_identification:_identify(gazebo/worlds) by extension 'colcon_pkg'
[0.307s] Level 1:colcon.colcon_core.package_identification:_identify(gazebo/worlds) by extensions ['colcon_meta']
[0.307s] Level 1:colcon.colcon_core.package_identification:_identify(gazebo/worlds) by extension 'colcon_meta'
[0.307s] Level 1:colcon.colcon_core.package_identification:_identify(gazebo/worlds) by extensions ['ros']
[0.307s] Level 1:colcon.colcon_core.package_identification:_identify(gazebo/worlds) by extension 'ros'
[0.307s] Level 1:colcon.colcon_core.package_identification:_identify(gazebo/worlds) by extensions ['cmake', 'python']
[0.307s] Level 1:colcon.colcon_core.package_identification:_identify(gazebo/worlds) by extension 'cmake'
[0.307s] Level 1:colcon.colcon_core.package_identification:_identify(gazebo/worlds) by extension 'python'
[0.307s] Level 1:colcon.colcon_core.package_identification:_identify(gazebo/worlds) by extensions ['python_setup_py']
[0.308s] Level 1:colcon.colcon_core.package_identification:_identify(gazebo/worlds) by extension 'python_setup_py'
[0.308s] Level 1:colcon.colcon_core.package_identification:_identify(install) by extensions ['ignore', 'ignore_ament_install']
[0.308s] Level 1:colcon.colcon_core.package_identification:_identify(install) by extension 'ignore'
[0.308s] Level 1:colcon.colcon_core.package_identification:_identify(install) ignored
[0.308s] Level 1:colcon.colcon_core.package_identification:_identify(log) by extensions ['ignore', 'ignore_ament_install']
[0.308s] Level 1:colcon.colcon_core.package_identification:_identify(log) by extension 'ignore'
[0.308s] Level 1:colcon.colcon_core.package_identification:_identify(log) ignored
[0.308s] Level 1:colcon.colcon_core.package_identification:_identify(ros) by extensions ['ignore', 'ignore_ament_install']
[0.308s] Level 1:colcon.colcon_core.package_identification:_identify(ros) by extension 'ignore'
[0.308s] Level 1:colcon.colcon_core.package_identification:_identify(ros) by extension 'ignore_ament_install'
[0.308s] Level 1:colcon.colcon_core.package_identification:_identify(ros) by extensions ['colcon_pkg']
[0.308s] Level 1:colcon.colcon_core.package_identification:_identify(ros) by extension 'colcon_pkg'
[0.308s] Level 1:colcon.colcon_core.package_identification:_identify(ros) by extensions ['colcon_meta']
[0.308s] Level 1:colcon.colcon_core.package_identification:_identify(ros) by extension 'colcon_meta'
[0.308s] Level 1:colcon.colcon_core.package_identification:_identify(ros) by extensions ['ros']
[0.308s] Level 1:colcon.colcon_core.package_identification:_identify(ros) by extension 'ros'
[0.308s] Level 1:colcon.colcon_core.package_identification:_identify(ros) by extensions ['cmake', 'python']
[0.308s] Level 1:colcon.colcon_core.package_identification:_identify(ros) by extension 'cmake'
[0.308s] Level 1:colcon.colcon_core.package_identification:_identify(ros) by extension 'python'
[0.308s] Level 1:colcon.colcon_core.package_identification:_identify(ros) by extensions ['python_setup_py']
[0.308s] Level 1:colcon.colcon_core.package_identification:_identify(ros) by extension 'python_setup_py'
[0.308s] Level 1:colcon.colcon_core.package_identification:_identify(ros/waste_classification) by extensions ['ignore', 'ignore_ament_install']
[0.308s] Level 1:colcon.colcon_core.package_identification:_identify(ros/waste_classification) by extension 'ignore'
[0.308s] Level 1:colcon.colcon_core.package_identification:_identify(ros/waste_classification) by extension 'ignore_ament_install'
[0.308s] Level 1:colcon.colcon_core.package_identification:_identify(ros/waste_classification) by extensions ['colcon_pkg']
[0.308s] Level 1:colcon.colcon_core.package_identification:_identify(ros/waste_classification) by extension 'colcon_pkg'
[0.308s] Level 1:colcon.colcon_core.package_identification:_identify(ros/waste_classification) by extensions ['colcon_meta']
[0.309s] Level 1:colcon.colcon_core.package_identification:_identify(ros/waste_classification) by extension 'colcon_meta'
[0.309s] Level 1:colcon.colcon_core.package_identification:_identify(ros/waste_classification) by extensions ['ros']
[0.309s] Level 1:colcon.colcon_core.package_identification:_identify(ros/waste_classification) by extension 'ros'
[0.309s] Level 1:colcon.colcon_core.package_identification:_identify(ros/waste_classification) by extensions ['cmake', 'python']
[0.309s] Level 1:colcon.colcon_core.package_identification:_identify(ros/waste_classification) by extension 'cmake'
[0.309s] Level 1:colcon.colcon_core.package_identification:_identify(ros/waste_classification) by extension 'python'
[0.309s] Level 1:colcon.colcon_core.package_identification:_identify(ros/waste_classification) by extensions ['python_setup_py']
[0.309s] Level 1:colcon.colcon_core.package_identification:_identify(ros/waste_classification) by extension 'python_setup_py'
[0.309s] Level 1:colcon.colcon_core.package_identification:_identify(ros/waste_classification/launch) by extensions ['ignore', 'ignore_ament_install']
[0.309s] Level 1:colcon.colcon_core.package_identification:_identify(ros/waste_classification/launch) by extension 'ignore'
[0.309s] Level 1:colcon.colcon_core.package_identification:_identify(ros/waste_classification/launch) by extension 'ignore_ament_install'
[0.309s] Level 1:colcon.colcon_core.package_identification:_identify(ros/waste_classification/launch) by extensions ['colcon_pkg']
[0.309s] Level 1:colcon.colcon_core.package_identification:_identify(ros/waste_classification/launch) by extension 'colcon_pkg'
[0.309s] Level 1:colcon.colcon_core.package_identification:_identify(ros/waste_classification/launch) by extensions ['colcon_meta']
[0.309s] Level 1:colcon.colcon_core.package_identification:_identify(ros/waste_classification/launch) by extension 'colcon_meta'
[0.309s] Level 1:colcon.colcon_core.package_identification:_identify(ros/waste_classification/launch) by extensions ['ros']
[0.309s] Level 1:colcon.colcon_core.package_identification:_identify(ros/waste_classification/launch) by extension 'ros'
[0.309s] Level 1:colcon.colcon_core.package_identification:_identify(ros/waste_classification/launch) by extensions ['cmake', 'python']
[0.309s] Level 1:colcon.colcon_core.package_identification:_identify(ros/waste_classification/launch) by extension 'cmake'
[0.309s] Level 1:colcon.colcon_core.package_identification:_identify(ros/waste_classification/launch) by extension 'python'
[0.309s] Level 1:colcon.colcon_core.package_identification:_identify(ros/waste_classification/launch) by extensions ['python_setup_py']
[0.309s] Level 1:colcon.colcon_core.package_identification:_identify(ros/waste_classification/launch) by extension 'python_setup_py'
[0.309s] Level 1:colcon.colcon_core.package_identification:_identify(ros/waste_classification/scripts) by extensions ['ignore', 'ignore_ament_install']
[0.309s] Level 1:colcon.colcon_core.package_identification:_identify(ros/waste_classification/scripts) by extension 'ignore'
[0.309s] Level 1:colcon.colcon_core.package_identification:_identify(ros/waste_classification/scripts) by extension 'ignore_ament_install'
[0.309s] Level 1:colcon.colcon_core.package_identification:_identify(ros/waste_classification/scripts) by extensions ['colcon_pkg']
[0.309s] Level 1:colcon.colcon_core.package_identification:_identify(ros/waste_classification/scripts) by extension 'colcon_pkg'
[0.309s] Level 1:colcon.colcon_core.package_identification:_identify(ros/waste_classification/scripts) by extensions ['colcon_meta']
[0.309s] Level 1:colcon.colcon_core.package_identification:_identify(ros/waste_classification/scripts) by extension 'colcon_meta'
[0.309s] Level 1:colcon.colcon_core.package_identification:_identify(ros/waste_classification/scripts) by extensions ['ros']
[0.309s] Level 1:colcon.colcon_core.package_identification:_identify(ros/waste_classification/scripts) by extension 'ros'
[0.310s] Level 1:colcon.colcon_core.package_identification:_identify(ros/waste_classification/scripts) by extensions ['cmake', 'python']
[0.310s] Level 1:colcon.colcon_core.package_identification:_identify(ros/waste_classification/scripts) by extension 'cmake'
[0.310s] Level 1:colcon.colcon_core.package_identification:_identify(ros/waste_classification/scripts) by extension 'python'
[0.310s] Level 1:colcon.colcon_core.package_identification:_identify(ros/waste_classification/scripts) by extensions ['python_setup_py']
[0.310s] Level 1:colcon.colcon_core.package_identification:_identify(ros/waste_classification/scripts) by extension 'python_setup_py'
[0.310s] Level 1:colcon.colcon_core.package_identification:_identify(ros2_ws) by extensions ['ignore', 'ignore_ament_install']
[0.310s] Level 1:colcon.colcon_core.package_identification:_identify(ros2_ws) by extension 'ignore'
[0.310s] Level 1:colcon.colcon_core.package_identification:_identify(ros2_ws) by extension 'ignore_ament_install'
[0.310s] Level 1:colcon.colcon_core.package_identification:_identify(ros2_ws) by extensions ['colcon_pkg']
[0.310s] Level 1:colcon.colcon_core.package_identification:_identify(ros2_ws) by extension 'colcon_pkg'
[0.310s] Level 1:colcon.colcon_core.package_identification:_identify(ros2_ws) by extensions ['colcon_meta']
[0.310s] Level 1:colcon.colcon_core.package_identification:_identify(ros2_ws) by extension 'colcon_meta'
[0.310s] Level 1:colcon.colcon_core.package_identification:_identify(ros2_ws) by extensions ['ros']
[0.310s] Level 1:colcon.colcon_core.package_identification:_identify(ros2_ws) by extension 'ros'
[0.310s] Level 1:colcon.colcon_core.package_identification:_identify(ros2_ws) by extensions ['cmake', 'python']
[0.310s] Level 1:colcon.colcon_core.package_identification:_identify(ros2_ws) by extension 'cmake'
[0.310s] Level 1:colcon.colcon_core.package_identification:_identify(ros2_ws) by extension 'python'
[0.311s] Level 1:colcon.colcon_core.package_identification:_identify(ros2_ws) by extensions ['python_setup_py']
[0.311s] Level 1:colcon.colcon_core.package_identification:_identify(ros2_ws) by extension 'python_setup_py'
[0.311s] Level 1:colcon.colcon_core.package_identification:_identify(ros2_ws/install) by extensions ['ignore', 'ignore_ament_install']
[0.311s] Level 1:colcon.colcon_core.package_identification:_identify(ros2_ws/install) by extension 'ignore'
[0.311s] Level 1:colcon.colcon_core.package_identification:_identify(ros2_ws/install) ignored
[0.311s] Level 1:colcon.colcon_core.package_identification:_identify(ros2_ws/log) by extensions ['ignore', 'ignore_ament_install']
[0.311s] Level 1:colcon.colcon_core.package_identification:_identify(ros2_ws/log) by extension 'ignore'
[0.311s] Level 1:colcon.colcon_core.package_identification:_identify(ros2_ws/log) ignored
[0.311s] Level 1:colcon.colcon_core.package_identification:_identify(ros2_ws/src) by extensions ['ignore', 'ignore_ament_install']
[0.311s] Level 1:colcon.colcon_core.package_identification:_identify(ros2_ws/src) by extension 'ignore'
[0.311s] Level 1:colcon.colcon_core.package_identification:_identify(ros2_ws/src) by extension 'ignore_ament_install'
[0.311s] Level 1:colcon.colcon_core.package_identification:_identify(ros2_ws/src) by extensions ['colcon_pkg']
[0.311s] Level 1:colcon.colcon_core.package_identification:_identify(ros2_ws/src) by extension 'colcon_pkg'
[0.311s] Level 1:colcon.colcon_core.package_identification:_identify(ros2_ws/src) by extensions ['colcon_meta']
[0.311s] Level 1:colcon.colcon_core.package_identification:_identify(ros2_ws/src) by extension 'colcon_meta'
[0.311s] Level 1:colcon.colcon_core.package_identification:_identify(ros2_ws/src) by extensions ['ros']
[0.311s] Level 1:colcon.colcon_core.package_identification:_identify(ros2_ws/src) by extension 'ros'
[0.311s] Level 1:colcon.colcon_core.package_identification:_identify(ros2_ws/src) by extensions ['cmake', 'python']
[0.311s] Level 1:colcon.colcon_core.package_identification:_identify(ros2_ws/src) by extension 'cmake'
[0.311s] Level 1:colcon.colcon_core.package_identification:_identify(ros2_ws/src) by extension 'python'
[0.311s] Level 1:colcon.colcon_core.package_identification:_identify(ros2_ws/src) by extensions ['python_setup_py']
[0.311s] Level 1:colcon.colcon_core.package_identification:_identify(ros2_ws/src) by extension 'python_setup_py'
[0.311s] Level 1:colcon.colcon_core.package_identification:_identify(ros2_ws/src/conveyor_controller) by extensions ['ignore', 'ignore_ament_install']
[0.311s] Level 1:colcon.colcon_core.package_identification:_identify(ros2_ws/src/conveyor_controller) by extension 'ignore'
[0.311s] Level 1:colcon.colcon_core.package_identification:_identify(ros2_ws/src/conveyor_controller) by extension 'ignore_ament_install'
[0.312s] Level 1:colcon.colcon_core.package_identification:_identify(ros2_ws/src/conveyor_controller) by extensions ['colcon_pkg']
[0.312s] Level 1:colcon.colcon_core.package_identification:_identify(ros2_ws/src/conveyor_controller) by extension 'colcon_pkg'
[0.312s] Level 1:colcon.colcon_core.package_identification:_identify(ros2_ws/src/conveyor_controller) by extensions ['colcon_meta']
[0.312s] Level 1:colcon.colcon_core.package_identification:_identify(ros2_ws/src/conveyor_controller) by extension 'colcon_meta'
[0.312s] Level 1:colcon.colcon_core.package_identification:_identify(ros2_ws/src/conveyor_controller) by extensions ['ros']
[0.312s] Level 1:colcon.colcon_core.package_identification:_identify(ros2_ws/src/conveyor_controller) by extension 'ros'
[0.315s] DEBUG:colcon.colcon_core.package_identification:Package 'ros2_ws/src/conveyor_controller' with type 'ros.ament_python' and name 'conveyor_controller'
[0.315s] Level 1:colcon.colcon_core.package_identification:_identify(ros2_ws/src/my_conveyor_gazebo) by extensions ['ignore', 'ignore_ament_install']
[0.315s] Level 1:colcon.colcon_core.package_identification:_identify(ros2_ws/src/my_conveyor_gazebo) by extension 'ignore'
[0.315s] Level 1:colcon.colcon_core.package_identification:_identify(ros2_ws/src/my_conveyor_gazebo) by extension 'ignore_ament_install'
[0.315s] Level 1:colcon.colcon_core.package_identification:_identify(ros2_ws/src/my_conveyor_gazebo) by extensions ['colcon_pkg']
[0.315s] Level 1:colcon.colcon_core.package_identification:_identify(ros2_ws/src/my_conveyor_gazebo) by extension 'colcon_pkg'
[0.315s] Level 1:colcon.colcon_core.package_identification:_identify(ros2_ws/src/my_conveyor_gazebo) by extensions ['colcon_meta']
[0.315s] Level 1:colcon.colcon_core.package_identification:_identify(ros2_ws/src/my_conveyor_gazebo) by extension 'colcon_meta'
[0.315s] Level 1:colcon.colcon_core.package_identification:_identify(ros2_ws/src/my_conveyor_gazebo) by extensions ['ros']
[0.315s] Level 1:colcon.colcon_core.package_identification:_identify(ros2_ws/src/my_conveyor_gazebo) by extension 'ros'
[0.316s] DEBUG:colcon.colcon_core.package_identification:Package 'ros2_ws/src/my_conveyor_gazebo' with type 'ros.ament_cmake' and name 'my_conveyor_gazebo'
[0.316s] Level 1:colcon.colcon_core.package_identification:_identify(ros2_ws/src/my_robot) by extensions ['ignore', 'ignore_ament_install']
[0.316s] Level 1:colcon.colcon_core.package_identification:_identify(ros2_ws/src/my_robot) by extension 'ignore'
[0.317s] Level 1:colcon.colcon_core.package_identification:_identify(ros2_ws/src/my_robot) by extension 'ignore_ament_install'
[0.317s] Level 1:colcon.colcon_core.package_identification:_identify(ros2_ws/src/my_robot) by extensions ['colcon_pkg']
[0.317s] Level 1:colcon.colcon_core.package_identification:_identify(ros2_ws/src/my_robot) by extension 'colcon_pkg'
[0.317s] Level 1:colcon.colcon_core.package_identification:_identify(ros2_ws/src/my_robot) by extensions ['colcon_meta']
[0.317s] Level 1:colcon.colcon_core.package_identification:_identify(ros2_ws/src/my_robot) by extension 'colcon_meta'
[0.317s] Level 1:colcon.colcon_core.package_identification:_identify(ros2_ws/src/my_robot) by extensions ['ros']
[0.317s] Level 1:colcon.colcon_core.package_identification:_identify(ros2_ws/src/my_robot) by extension 'ros'
[0.317s] DEBUG:colcon.colcon_core.package_identification:Package 'ros2_ws/src/my_robot' with type 'ros.ament_cmake' and name 'my_robot'
[0.317s] Level 1:colcon.colcon_core.package_identification:_identify(wc_ws) by extensions ['ignore', 'ignore_ament_install']
[0.317s] Level 1:colcon.colcon_core.package_identification:_identify(wc_ws) by extension 'ignore'
[0.317s] Level 1:colcon.colcon_core.package_identification:_identify(wc_ws) by extension 'ignore_ament_install'
[0.318s] Level 1:colcon.colcon_core.package_identification:_identify(wc_ws) by extensions ['colcon_pkg']
[0.318s] Level 1:colcon.colcon_core.package_identification:_identify(wc_ws) by extension 'colcon_pkg'
[0.318s] Level 1:colcon.colcon_core.package_identification:_identify(wc_ws) by extensions ['colcon_meta']
[0.318s] Level 1:colcon.colcon_core.package_identification:_identify(wc_ws) by extension 'colcon_meta'
[0.318s] Level 1:colcon.colcon_core.package_identification:_identify(wc_ws) by extensions ['ros']
[0.318s] Level 1:colcon.colcon_core.package_identification:_identify(wc_ws) by extension 'ros'
[0.318s] Level 1:colcon.colcon_core.package_identification:_identify(wc_ws) by extensions ['cmake', 'python']
[0.318s] Level 1:colcon.colcon_core.package_identification:_identify(wc_ws) by extension 'cmake'
[0.318s] Level 1:colcon.colcon_core.package_identification:_identify(wc_ws) by extension 'python'
[0.318s] Level 1:colcon.colcon_core.package_identification:_identify(wc_ws) by extensions ['python_setup_py']
[0.318s] Level 1:colcon.colcon_core.package_identification:_identify(wc_ws) by extension 'python_setup_py'
[0.318s] Level 1:colcon.colcon_core.package_identification:_identify(wc_ws/build) by extensions ['ignore', 'ignore_ament_install']
[0.318s] Level 1:colcon.colcon_core.package_identification:_identify(wc_ws/build) by extension 'ignore'
[0.318s] Level 1:colcon.colcon_core.package_identification:_identify(wc_ws/build) ignored
[0.318s] Level 1:colcon.colcon_core.package_identification:_identify(wc_ws/install) by extensions ['ignore', 'ignore_ament_install']
[0.318s] Level 1:colcon.colcon_core.package_identification:_identify(wc_ws/install) by extension 'ignore'
[0.318s] Level 1:colcon.colcon_core.package_identification:_identify(wc_ws/install) ignored
[0.318s] Level 1:colcon.colcon_core.package_identification:_identify(wc_ws/log) by extensions ['ignore', 'ignore_ament_install']
[0.318s] Level 1:colcon.colcon_core.package_identification:_identify(wc_ws/log) by extension 'ignore'
[0.318s] Level 1:colcon.colcon_core.package_identification:_identify(wc_ws/log) ignored
[0.318s] Level 1:colcon.colcon_core.package_identification:_identify(wc_ws/src) by extensions ['ignore', 'ignore_ament_install']
[0.318s] Level 1:colcon.colcon_core.package_identification:_identify(wc_ws/src) by extension 'ignore'
[0.318s] Level 1:colcon.colcon_core.package_identification:_identify(wc_ws/src) by extension 'ignore_ament_install'
[0.319s] Level 1:colcon.colcon_core.package_identification:_identify(wc_ws/src) by extensions ['colcon_pkg']
[0.319s] Level 1:colcon.colcon_core.package_identification:_identify(wc_ws/src) by extension 'colcon_pkg'
[0.319s] Level 1:colcon.colcon_core.package_identification:_identify(wc_ws/src) by extensions ['colcon_meta']
[0.319s] Level 1:colcon.colcon_core.package_identification:_identify(wc_ws/src) by extension 'colcon_meta'
[0.319s] Level 1:colcon.colcon_core.package_identification:_identify(wc_ws/src) by extensions ['ros']
[0.319s] Level 1:colcon.colcon_core.package_identification:_identify(wc_ws/src) by extension 'ros'
[0.319s] Level 1:colcon.colcon_core.package_identification:_identify(wc_ws/src) by extensions ['cmake', 'python']
[0.319s] Level 1:colcon.colcon_core.package_identification:_identify(wc_ws/src) by extension 'cmake'
[0.319s] Level 1:colcon.colcon_core.package_identification:_identify(wc_ws/src) by extension 'python'
[0.319s] Level 1:colcon.colcon_core.package_identification:_identify(wc_ws/src) by extensions ['python_setup_py']
[0.319s] Level 1:colcon.colcon_core.package_identification:_identify(wc_ws/src) by extension 'python_setup_py'
[0.319s] Level 1:colcon.colcon_core.package_identification:_identify(wc_ws/src/arm) by extensions ['ignore', 'ignore_ament_install']
[0.319s] Level 1:colcon.colcon_core.package_identification:_identify(wc_ws/src/arm) by extension 'ignore'
[0.319s] Level 1:colcon.colcon_core.package_identification:_identify(wc_ws/src/arm) by extension 'ignore_ament_install'
[0.319s] Level 1:colcon.colcon_core.package_identification:_identify(wc_ws/src/arm) by extensions ['colcon_pkg']
[0.319s] Level 1:colcon.colcon_core.package_identification:_identify(wc_ws/src/arm) by extension 'colcon_pkg'
[0.319s] Level 1:colcon.colcon_core.package_identification:_identify(wc_ws/src/arm) by extensions ['colcon_meta']
[0.319s] Level 1:colcon.colcon_core.package_identification:_identify(wc_ws/src/arm) by extension 'colcon_meta'
[0.319s] Level 1:colcon.colcon_core.package_identification:_identify(wc_ws/src/arm) by extensions ['ros']
[0.319s] Level 1:colcon.colcon_core.package_identification:_identify(wc_ws/src/arm) by extension 'ros'
[0.319s] Level 1:colcon.colcon_core.package_identification:_identify(wc_ws/src/arm) by extensions ['cmake', 'python']
[0.319s] Level 1:colcon.colcon_core.package_identification:_identify(wc_ws/src/arm) by extension 'cmake'
[0.319s] Level 1:colcon.colcon_core.package_identification:_identify(wc_ws/src/arm) by extension 'python'
[0.319s] Level 1:colcon.colcon_core.package_identification:_identify(wc_ws/src/arm) by extensions ['python_setup_py']
[0.319s] Level 1:colcon.colcon_core.package_identification:_identify(wc_ws/src/arm) by extension 'python_setup_py'
[0.319s] Level 1:colcon.colcon_core.package_identification:_identify(wc_ws/src/arm/conveyor_controller) by extensions ['ignore', 'ignore_ament_install']
[0.319s] Level 1:colcon.colcon_core.package_identification:_identify(wc_ws/src/arm/conveyor_controller) by extension 'ignore'
[0.319s] Level 1:colcon.colcon_core.package_identification:_identify(wc_ws/src/arm/conveyor_controller) by extension 'ignore_ament_install'
[0.320s] Level 1:colcon.colcon_core.package_identification:_identify(wc_ws/src/arm/conveyor_controller) by extensions ['colcon_pkg']
[0.320s] Level 1:colcon.colcon_core.package_identification:_identify(wc_ws/src/arm/conveyor_controller) by extension 'colcon_pkg'
[0.320s] Level 1:colcon.colcon_core.package_identification:_identify(wc_ws/src/arm/conveyor_controller) by extensions ['colcon_meta']
[0.320s] Level 1:colcon.colcon_core.package_identification:_identify(wc_ws/src/arm/conveyor_controller) by extension 'colcon_meta'
[0.320s] Level 1:colcon.colcon_core.package_identification:_identify(wc_ws/src/arm/conveyor_controller) by extensions ['ros']
[0.320s] Level 1:colcon.colcon_core.package_identification:_identify(wc_ws/src/arm/conveyor_controller) by extension 'ros'
[0.321s] DEBUG:colcon.colcon_core.package_identification:Package 'wc_ws/src/arm/conveyor_controller' with type 'ros.ament_python' and name 'conveyor_controller'
[0.321s] Level 1:colcon.colcon_core.package_identification:_identify(wc_ws/src/arm/my_conveyor_gazebo) by extensions ['ignore', 'ignore_ament_install']
[0.321s] Level 1:colcon.colcon_core.package_identification:_identify(wc_ws/src/arm/my_conveyor_gazebo) by extension 'ignore'
[0.321s] Level 1:colcon.colcon_core.package_identification:_identify(wc_ws/src/arm/my_conveyor_gazebo) by extension 'ignore_ament_install'
[0.321s] Level 1:colcon.colcon_core.package_identification:_identify(wc_ws/src/arm/my_conveyor_gazebo) by extensions ['colcon_pkg']
[0.321s] Level 1:colcon.colcon_core.package_identification:_identify(wc_ws/src/arm/my_conveyor_gazebo) by extension 'colcon_pkg'
[0.321s] Level 1:colcon.colcon_core.package_identification:_identify(wc_ws/src/arm/my_conveyor_gazebo) by extensions ['colcon_meta']
[0.321s] Level 1:colcon.colcon_core.package_identification:_identify(wc_ws/src/arm/my_conveyor_gazebo) by extension 'colcon_meta'
[0.321s] Level 1:colcon.colcon_core.package_identification:_identify(wc_ws/src/arm/my_conveyor_gazebo) by extensions ['ros']
[0.321s] Level 1:colcon.colcon_core.package_identification:_identify(wc_ws/src/arm/my_conveyor_gazebo) by extension 'ros'
[0.322s] DEBUG:colcon.colcon_core.package_identification:Package 'wc_ws/src/arm/my_conveyor_gazebo' with type 'ros.ament_cmake' and name 'my_conveyor_gazebo'
[0.322s] Level 1:colcon.colcon_core.package_identification:_identify(wc_ws/src/arm/my_robot) by extensions ['ignore', 'ignore_ament_install']
[0.322s] Level 1:colcon.colcon_core.package_identification:_identify(wc_ws/src/arm/my_robot) by extension 'ignore'
[0.322s] Level 1:colcon.colcon_core.package_identification:_identify(wc_ws/src/arm/my_robot) by extension 'ignore_ament_install'
[0.322s] Level 1:colcon.colcon_core.package_identification:_identify(wc_ws/src/arm/my_robot) by extensions ['colcon_pkg']
[0.322s] Level 1:colcon.colcon_core.package_identification:_identify(wc_ws/src/arm/my_robot) by extension 'colcon_pkg'
[0.322s] Level 1:colcon.colcon_core.package_identification:_identify(wc_ws/src/arm/my_robot) by extensions ['colcon_meta']
[0.322s] Level 1:colcon.colcon_core.package_identification:_identify(wc_ws/src/arm/my_robot) by extension 'colcon_meta'
[0.322s] Level 1:colcon.colcon_core.package_identification:_identify(wc_ws/src/arm/my_robot) by extensions ['ros']
[0.322s] Level 1:colcon.colcon_core.package_identification:_identify(wc_ws/src/arm/my_robot) by extension 'ros'
[0.323s] DEBUG:colcon.colcon_core.package_identification:Package 'wc_ws/src/arm/my_robot' with type 'ros.ament_cmake' and name 'my_robot'
[0.323s] Level 1:colcon.colcon_core.package_identification:_identify(wc_ws/src/camera) by extensions ['ignore', 'ignore_ament_install']
[0.323s] Level 1:colcon.colcon_core.package_identification:_identify(wc_ws/src/camera) by extension 'ignore'
[0.323s] Level 1:colcon.colcon_core.package_identification:_identify(wc_ws/src/camera) by extension 'ignore_ament_install'
[0.323s] Level 1:colcon.colcon_core.package_identification:_identify(wc_ws/src/camera) by extensions ['colcon_pkg']
[0.323s] Level 1:colcon.colcon_core.package_identification:_identify(wc_ws/src/camera) by extension 'colcon_pkg'
[0.323s] Level 1:colcon.colcon_core.package_identification:_identify(wc_ws/src/camera) by extensions ['colcon_meta']
[0.323s] Level 1:colcon.colcon_core.package_identification:_identify(wc_ws/src/camera) by extension 'colcon_meta'
[0.323s] Level 1:colcon.colcon_core.package_identification:_identify(wc_ws/src/camera) by extensions ['ros']
[0.323s] Level 1:colcon.colcon_core.package_identification:_identify(wc_ws/src/camera) by extension 'ros'
[0.323s] Level 1:colcon.colcon_core.package_identification:_identify(wc_ws/src/camera) by extensions ['cmake', 'python']
[0.323s] Level 1:colcon.colcon_core.package_identification:_identify(wc_ws/src/camera) by extension 'cmake'
[0.323s] Level 1:colcon.colcon_core.package_identification:_identify(wc_ws/src/camera) by extension 'python'
[0.323s] Level 1:colcon.colcon_core.package_identification:_identify(wc_ws/src/camera) by extensions ['python_setup_py']
[0.323s] Level 1:colcon.colcon_core.package_identification:_identify(wc_ws/src/camera) by extension 'python_setup_py'
[0.324s] Level 1:colcon.colcon_core.package_identification:_identify(wc_ws/src/camera/yolobot_control) by extensions ['ignore', 'ignore_ament_install']
[0.324s] Level 1:colcon.colcon_core.package_identification:_identify(wc_ws/src/camera/yolobot_control) by extension 'ignore'
[0.324s] Level 1:colcon.colcon_core.package_identification:_identify(wc_ws/src/camera/yolobot_control) by extension 'ignore_ament_install'
[0.324s] Level 1:colcon.colcon_core.package_identification:_identify(wc_ws/src/camera/yolobot_control) by extensions ['colcon_pkg']
[0.324s] Level 1:colcon.colcon_core.package_identification:_identify(wc_ws/src/camera/yolobot_control) by extension 'colcon_pkg'
[0.324s] Level 1:colcon.colcon_core.package_identification:_identify(wc_ws/src/camera/yolobot_control) by extensions ['colcon_meta']
[0.324s] Level 1:colcon.colcon_core.package_identification:_identify(wc_ws/src/camera/yolobot_control) by extension 'colcon_meta'
[0.324s] Level 1:colcon.colcon_core.package_identification:_identify(wc_ws/src/camera/yolobot_control) by extensions ['ros']
[0.324s] Level 1:colcon.colcon_core.package_identification:_identify(wc_ws/src/camera/yolobot_control) by extension 'ros'
[0.324s] DEBUG:colcon.colcon_core.package_identification:Package 'wc_ws/src/camera/yolobot_control' with type 'ros.ament_cmake' and name 'yolobot_control'
[0.324s] Level 1:colcon.colcon_core.package_identification:_identify(wc_ws/src/camera/yolobot_description) by extensions ['ignore', 'ignore_ament_install']
[0.324s] Level 1:colcon.colcon_core.package_identification:_identify(wc_ws/src/camera/yolobot_description) by extension 'ignore'
[0.324s] Level 1:colcon.colcon_core.package_identification:_identify(wc_ws/src/camera/yolobot_description) by extension 'ignore_ament_install'
[0.324s] Level 1:colcon.colcon_core.package_identification:_identify(wc_ws/src/camera/yolobot_description) by extensions ['colcon_pkg']
[0.324s] Level 1:colcon.colcon_core.package_identification:_identify(wc_ws/src/camera/yolobot_description) by extension 'colcon_pkg'
[0.324s] Level 1:colcon.colcon_core.package_identification:_identify(wc_ws/src/camera/yolobot_description) by extensions ['colcon_meta']
[0.324s] Level 1:colcon.colcon_core.package_identification:_identify(wc_ws/src/camera/yolobot_description) by extension 'colcon_meta'
[0.325s] Level 1:colcon.colcon_core.package_identification:_identify(wc_ws/src/camera/yolobot_description) by extensions ['ros']
[0.325s] Level 1:colcon.colcon_core.package_identification:_identify(wc_ws/src/camera/yolobot_description) by extension 'ros'
[0.325s] DEBUG:colcon.colcon_core.package_identification:Package 'wc_ws/src/camera/yolobot_description' with type 'ros.ament_cmake' and name 'yolobot_description'
[0.325s] Level 1:colcon.colcon_core.package_identification:_identify(wc_ws/src/camera/yolobot_gazebo) by extensions ['ignore', 'ignore_ament_install']
[0.325s] Level 1:colcon.colcon_core.package_identification:_identify(wc_ws/src/camera/yolobot_gazebo) by extension 'ignore'
[0.325s] Level 1:colcon.colcon_core.package_identification:_identify(wc_ws/src/camera/yolobot_gazebo) by extension 'ignore_ament_install'
[0.325s] Level 1:colcon.colcon_core.package_identification:_identify(wc_ws/src/camera/yolobot_gazebo) by extensions ['colcon_pkg']
[0.325s] Level 1:colcon.colcon_core.package_identification:_identify(wc_ws/src/camera/yolobot_gazebo) by extension 'colcon_pkg'
[0.325s] Level 1:colcon.colcon_core.package_identification:_identify(wc_ws/src/camera/yolobot_gazebo) by extensions ['colcon_meta']
[0.325s] Level 1:colcon.colcon_core.package_identification:_identify(wc_ws/src/camera/yolobot_gazebo) by extension 'colcon_meta'
[0.325s] Level 1:colcon.colcon_core.package_identification:_identify(wc_ws/src/camera/yolobot_gazebo) by extensions ['ros']
[0.325s] Level 1:colcon.colcon_core.package_identification:_identify(wc_ws/src/camera/yolobot_gazebo) by extension 'ros'
[0.326s] DEBUG:colcon.colcon_core.package_identification:Package 'wc_ws/src/camera/yolobot_gazebo' with type 'ros.ament_cmake' and name 'yolobot_gazebo'
[0.326s] Level 1:colcon.colcon_core.package_identification:_identify(wc_ws/src/camera/yolobot_recognition) by extensions ['ignore', 'ignore_ament_install']
[0.326s] Level 1:colcon.colcon_core.package_identification:_identify(wc_ws/src/camera/yolobot_recognition) by extension 'ignore'
[0.326s] Level 1:colcon.colcon_core.package_identification:_identify(wc_ws/src/camera/yolobot_recognition) by extension 'ignore_ament_install'
[0.326s] Level 1:colcon.colcon_core.package_identification:_identify(wc_ws/src/camera/yolobot_recognition) by extensions ['colcon_pkg']
[0.326s] Level 1:colcon.colcon_core.package_identification:_identify(wc_ws/src/camera/yolobot_recognition) by extension 'colcon_pkg'
[0.326s] Level 1:colcon.colcon_core.package_identification:_identify(wc_ws/src/camera/yolobot_recognition) by extensions ['colcon_meta']
[0.326s] Level 1:colcon.colcon_core.package_identification:_identify(wc_ws/src/camera/yolobot_recognition) by extension 'colcon_meta'
[0.326s] Level 1:colcon.colcon_core.package_identification:_identify(wc_ws/src/camera/yolobot_recognition) by extensions ['ros']
[0.326s] Level 1:colcon.colcon_core.package_identification:_identify(wc_ws/src/camera/yolobot_recognition) by extension 'ros'
[0.326s] DEBUG:colcon.colcon_core.package_identification:Package 'wc_ws/src/camera/yolobot_recognition' with type 'ros.ament_cmake' and name 'yolobot_recognition'
[0.327s] Level 1:colcon.colcon_core.package_identification:_identify(wc_ws/src/camera/yolov8_msgs) by extensions ['ignore', 'ignore_ament_install']
[0.327s] Level 1:colcon.colcon_core.package_identification:_identify(wc_ws/src/camera/yolov8_msgs) by extension 'ignore'
[0.327s] Level 1:colcon.colcon_core.package_identification:_identify(wc_ws/src/camera/yolov8_msgs) by extension 'ignore_ament_install'
[0.327s] Level 1:colcon.colcon_core.package_identification:_identify(wc_ws/src/camera/yolov8_msgs) by extensions ['colcon_pkg']
[0.327s] Level 1:colcon.colcon_core.package_identification:_identify(wc_ws/src/camera/yolov8_msgs) by extension 'colcon_pkg'
[0.327s] Level 1:colcon.colcon_core.package_identification:_identify(wc_ws/src/camera/yolov8_msgs) by extensions ['colcon_meta']
[0.327s] Level 1:colcon.colcon_core.package_identification:_identify(wc_ws/src/camera/yolov8_msgs) by extension 'colcon_meta'
[0.327s] Level 1:colcon.colcon_core.package_identification:_identify(wc_ws/src/camera/yolov8_msgs) by extensions ['ros']
[0.327s] Level 1:colcon.colcon_core.package_identification:_identify(wc_ws/src/camera/yolov8_msgs) by extension 'ros'
[0.327s] DEBUG:colcon.colcon_core.package_identification:Package 'wc_ws/src/camera/yolov8_msgs' with type 'ros.ament_cmake' and name 'yolov8_msgs'
[0.327s] Level 1:colcon.colcon_core.package_identification:_identify(wc_ws/src/conveyor) by extensions ['ignore', 'ignore_ament_install']
[0.327s] Level 1:colcon.colcon_core.package_identification:_identify(wc_ws/src/conveyor) by extension 'ignore'
[0.327s] Level 1:colcon.colcon_core.package_identification:_identify(wc_ws/src/conveyor) by extension 'ignore_ament_install'
[0.327s] Level 1:colcon.colcon_core.package_identification:_identify(wc_ws/src/conveyor) by extensions ['colcon_pkg']
[0.328s] Level 1:colcon.colcon_core.package_identification:_identify(wc_ws/src/conveyor) by extension 'colcon_pkg'
[0.328s] Level 1:colcon.colcon_core.package_identification:_identify(wc_ws/src/conveyor) by extensions ['colcon_meta']
[0.328s] Level 1:colcon.colcon_core.package_identification:_identify(wc_ws/src/conveyor) by extension 'colcon_meta'
[0.328s] Level 1:colcon.colcon_core.package_identification:_identify(wc_ws/src/conveyor) by extensions ['ros']
[0.328s] Level 1:colcon.colcon_core.package_identification:_identify(wc_ws/src/conveyor) by extension 'ros'
[0.328s] Level 1:colcon.colcon_core.package_identification:_identify(wc_ws/src/conveyor) by extensions ['cmake', 'python']
[0.328s] Level 1:colcon.colcon_core.package_identification:_identify(wc_ws/src/conveyor) by extension 'cmake'
[0.328s] Level 1:colcon.colcon_core.package_identification:_identify(wc_ws/src/conveyor) by extension 'python'
[0.328s] Level 1:colcon.colcon_core.package_identification:_identify(wc_ws/src/conveyor) by extensions ['python_setup_py']
[0.328s] Level 1:colcon.colcon_core.package_identification:_identify(wc_ws/src/conveyor) by extension 'python_setup_py'
[0.328s] Level 1:colcon.colcon_core.package_identification:_identify(wc_ws/src/conveyor/conveyorbelt_gazebo) by extensions ['ignore', 'ignore_ament_install']
[0.328s] Level 1:colcon.colcon_core.package_identification:_identify(wc_ws/src/conveyor/conveyorbelt_gazebo) by extension 'ignore'
[0.328s] Level 1:colcon.colcon_core.package_identification:_identify(wc_ws/src/conveyor/conveyorbelt_gazebo) by extension 'ignore_ament_install'
[0.328s] Level 1:colcon.colcon_core.package_identification:_identify(wc_ws/src/conveyor/conveyorbelt_gazebo) by extensions ['colcon_pkg']
[0.328s] Level 1:colcon.colcon_core.package_identification:_identify(wc_ws/src/conveyor/conveyorbelt_gazebo) by extension 'colcon_pkg'
[0.328s] Level 1:colcon.colcon_core.package_identification:_identify(wc_ws/src/conveyor/conveyorbelt_gazebo) by extensions ['colcon_meta']
[0.328s] Level 1:colcon.colcon_core.package_identification:_identify(wc_ws/src/conveyor/conveyorbelt_gazebo) by extension 'colcon_meta'
[0.328s] Level 1:colcon.colcon_core.package_identification:_identify(wc_ws/src/conveyor/conveyorbelt_gazebo) by extensions ['ros']
[0.328s] Level 1:colcon.colcon_core.package_identification:_identify(wc_ws/src/conveyor/conveyorbelt_gazebo) by extension 'ros'
[0.328s] DEBUG:colcon.colcon_core.package_identification:Package 'wc_ws/src/conveyor/conveyorbelt_gazebo' with type 'ros.ament_cmake' and name 'conveyorbelt_gazebo'
[0.329s] Level 1:colcon.colcon_core.package_identification:_identify(wc_ws/src/conveyor/conveyorbelt_msgs) by extensions ['ignore', 'ignore_ament_install']
[0.329s] Level 1:colcon.colcon_core.package_identification:_identify(wc_ws/src/conveyor/conveyorbelt_msgs) by extension 'ignore'
[0.329s] Level 1:colcon.colcon_core.package_identification:_identify(wc_ws/src/conveyor/conveyorbelt_msgs) by extension 'ignore_ament_install'
[0.329s] Level 1:colcon.colcon_core.package_identification:_identify(wc_ws/src/conveyor/conveyorbelt_msgs) by extensions ['colcon_pkg']
[0.329s] Level 1:colcon.colcon_core.package_identification:_identify(wc_ws/src/conveyor/conveyorbelt_msgs) by extension 'colcon_pkg'
[0.329s] Level 1:colcon.colcon_core.package_identification:_identify(wc_ws/src/conveyor/conveyorbelt_msgs) by extensions ['colcon_meta']
[0.329s] Level 1:colcon.colcon_core.package_identification:_identify(wc_ws/src/conveyor/conveyorbelt_msgs) by extension 'colcon_meta'
[0.329s] Level 1:colcon.colcon_core.package_identification:_identify(wc_ws/src/conveyor/conveyorbelt_msgs) by extensions ['ros']
[0.329s] Level 1:colcon.colcon_core.package_identification:_identify(wc_ws/src/conveyor/conveyorbelt_msgs) by extension 'ros'
[0.329s] DEBUG:colcon.colcon_core.package_identification:Package 'wc_ws/src/conveyor/conveyorbelt_msgs' with type 'ros.ament_cmake' and name 'conveyorbelt_msgs'
[0.330s] Level 1:colcon.colcon_core.package_identification:_identify(wc_ws/src/conveyor/ros2_conveyorbelt) by extensions ['ignore', 'ignore_ament_install']
[0.330s] Level 1:colcon.colcon_core.package_identification:_identify(wc_ws/src/conveyor/ros2_conveyorbelt) by extension 'ignore'
[0.330s] Level 1:colcon.colcon_core.package_identification:_identify(wc_ws/src/conveyor/ros2_conveyorbelt) by extension 'ignore_ament_install'
[0.330s] Level 1:colcon.colcon_core.package_identification:_identify(wc_ws/src/conveyor/ros2_conveyorbelt) by extensions ['colcon_pkg']
[0.330s] Level 1:colcon.colcon_core.package_identification:_identify(wc_ws/src/conveyor/ros2_conveyorbelt) by extension 'colcon_pkg'
[0.330s] Level 1:colcon.colcon_core.package_identification:_identify(wc_ws/src/conveyor/ros2_conveyorbelt) by extensions ['colcon_meta']
[0.330s] Level 1:colcon.colcon_core.package_identification:_identify(wc_ws/src/conveyor/ros2_conveyorbelt) by extension 'colcon_meta'
[0.330s] Level 1:colcon.colcon_core.package_identification:_identify(wc_ws/src/conveyor/ros2_conveyorbelt) by extensions ['ros']
[0.330s] Level 1:colcon.colcon_core.package_identification:_identify(wc_ws/src/conveyor/ros2_conveyorbelt) by extension 'ros'
[0.330s] DEBUG:colcon.colcon_core.package_identification:Package 'wc_ws/src/conveyor/ros2_conveyorbelt' with type 'ros.ament_cmake' and name 'ros2_conveyorbelt'
[0.331s] Level 1:colcon.colcon_core.package_identification:_identify(wc_ws/src/system_launch) by extensions ['ignore', 'ignore_ament_install']
[0.331s] Level 1:colcon.colcon_core.package_identification:_identify(wc_ws/src/system_launch) by extension 'ignore'
[0.331s] Level 1:colcon.colcon_core.package_identification:_identify(wc_ws/src/system_launch) by extension 'ignore_ament_install'
[0.331s] Level 1:colcon.colcon_core.package_identification:_identify(wc_ws/src/system_launch) by extensions ['colcon_pkg']
[0.331s] Level 1:colcon.colcon_core.package_identification:_identify(wc_ws/src/system_launch) by extension 'colcon_pkg'
[0.331s] Level 1:colcon.colcon_core.package_identification:_identify(wc_ws/src/system_launch) by extensions ['colcon_meta']
[0.331s] Level 1:colcon.colcon_core.package_identification:_identify(wc_ws/src/system_launch) by extension 'colcon_meta'
[0.331s] Level 1:colcon.colcon_core.package_identification:_identify(wc_ws/src/system_launch) by extensions ['ros']
[0.331s] Level 1:colcon.colcon_core.package_identification:_identify(wc_ws/src/system_launch) by extension 'ros'
[0.331s] DEBUG:colcon.colcon_core.package_identification:Package 'wc_ws/src/system_launch' with type 'ros.catkin' and name 'system_launch'
[0.331s] Level 1:colcon.colcon_core.package_discovery:discover_packages(recursive) using defaults
[0.331s] Level 1:colcon.colcon_core.package_discovery:discover_packages(ignore) discover
[0.331s] Level 1:colcon.colcon_core.package_discovery:discover_packages(ignore) using defaults
[0.331s] Level 1:colcon.colcon_core.package_discovery:discover_packages(path) discover
[0.331s] Level 1:colcon.colcon_core.package_discovery:discover_packages(path) using defaults
[0.350s] Level 1:colcon.colcon_core.package_discovery:discover_packages(prefix_path) check parameters
[0.350s] Level 1:colcon.colcon_core.package_discovery:discover_packages(prefix_path) discover
[0.352s] DEBUG:colcon.colcon_installed_package_information.package_discovery:Found 12 installed packages in /home/dadn/wc_ws/install
[0.353s] DEBUG:colcon.colcon_installed_package_information.package_discovery:Found 336 installed packages in /opt/ros/humble
[0.354s] Level 1:colcon.colcon_core.package_discovery:discover_packages(prefix_path) using defaults
[0.385s] ERROR:colcon:colcon build: Duplicate package names not supported:
- conveyor_controller:
  - ros2_ws/src/conveyor_controller
  - wc_ws/src/arm/conveyor_controller
- my_conveyor_gazebo:
  - ros2_ws/src/my_conveyor_gazebo
  - wc_ws/src/arm/my_conveyor_gazebo
- my_robot:
  - ros2_ws/src/my_robot
  - wc_ws/src/arm/my_robot
